Symbol range map extraction starting
Processing 30 files
startProcessing "extratan\blocks\BlockBase.java" md5: 55609ff0e50fea49a86f464efcb8e107
Cache Hit!
endProcessing "extratan\blocks\BlockBase.java"

startProcessing "extratan\blocks\Blocks\TemperedGlassBlock.java" md5: 5eb6934b7128f5d8e8c464a4cd434840
Cache Hit!
endProcessing "extratan\blocks\Blocks\TemperedGlassBlock.java"

startProcessing "extratan\blocks\TransparentBlockBase.java" md5: 99abf1dc2707a0b24996673d2d16788f
Cache Hit!
endProcessing "extratan\blocks\TransparentBlockBase.java"

startProcessing "extratan\core\ExtraTAN.java" md5: 571ce7c8d3894a277d144caafd181606
Cache Hit!
endProcessing "extratan\core\ExtraTAN.java"

startProcessing "extratan\creativetabs\CreativeTabHandler.java" md5: 017b2a3ea5681c3a3b63b742edd42c89
Cache Hit!
endProcessing "extratan\creativetabs\CreativeTabHandler.java"

startProcessing "extratan\creativetabs\tabs\ExtraTANBlocks.java" md5: fb9031adcc835bcfd77fa572ff0bc8a7
Cache Hit!
endProcessing "extratan\creativetabs\tabs\ExtraTANBlocks.java"

startProcessing "extratan\creativetabs\tabs\ExtraTANDrinks.java" md5: 4e59d4a68f4e55f12d01e544801abe7e
Cache Hit!
endProcessing "extratan\creativetabs\tabs\ExtraTANDrinks.java"

startProcessing "extratan\creativetabs\tabs\ExtraTANMaterials.java" md5: 2baaecfb4fc981306bcb5e7fe14a3b30
Cache Hit!
endProcessing "extratan\creativetabs\tabs\ExtraTANMaterials.java"

startProcessing "extratan\items\BaseDrinkableItem.java" md5: fb97c969993354275e2ef018db376e78
Cache Hit!
endProcessing "extratan\items\BaseDrinkableItem.java"

startProcessing "extratan\items\BaseEatableItem.java" md5: fd3db2dc92efc7f389bb24aeb4543a2e
Cache Hit!
endProcessing "extratan\items\BaseEatableItem.java"

startProcessing "extratan\items\BaseItem.java" md5: 5908ad0283d07a67ef6114f1649332cd
Cache Hit!
endProcessing "extratan\items\BaseItem.java"

startProcessing "extratan\items\BaseItemBucket.java" md5: 33e715880685acec221b00afcac220fb
Cache Hit!
endProcessing "extratan\items\BaseItemBucket.java"

startProcessing "extratan\items\ItemStorage.java" md5: 7b7d7afda64c7b1fecb67979448e1219
Cache Hit!
endProcessing "extratan\items\ItemStorage.java"

startProcessing "extratan\items\Items\ColdDrink.java" md5: fb6544b7622168660ac8f9d3b004dad1
Cache Hit!
endProcessing "extratan\items\Items\ColdDrink.java"

startProcessing "extratan\items\Items\ColdDrinkTempered.java" md5: 228e2cb407fe534323b4ad008fb853d7
Cache Hit!
endProcessing "extratan\items\Items\ColdDrinkTempered.java"

startProcessing "extratan\items\Items\EmptyFlask.java" md5: 88658642765a55453523b135753af98b
Cache Hit!
endProcessing "extratan\items\Items\EmptyFlask.java"

startProcessing "extratan\items\Items\EmptyTemperedFlask.java" md5: 118b09f6f7c415aa7318e02fea1a600f
Cache Hit!
endProcessing "extratan\items\Items\EmptyTemperedFlask.java"

startProcessing "extratan\items\Items\HotDrink.java" md5: 56ab3cddfdd901f926721f81bca70f14
Cache Hit!
endProcessing "extratan\items\Items\HotDrink.java"

startProcessing "extratan\items\Items\HotDrinkTempered.java" md5: acbbab366ce65c3c5eaac55a8152ff22
Cache Hit!
endProcessing "extratan\items\Items\HotDrinkTempered.java"

startProcessing "extratan\items\Items\LiquidInfuser.java" md5: 9e6c9ae39d5e59cd1af677db0a46364a
Cache Hit!
endProcessing "extratan\items\Items\LiquidInfuser.java"

startProcessing "extratan\items\Items\SuperColdDrink.java" md5: f4702506bb12554345d68fae074f98bb
Cache Hit!
endProcessing "extratan\items\Items\SuperColdDrink.java"

startProcessing "extratan\items\Items\SuperColdDrinkTempered.java" md5: af1f7a1328b8ca0c2ba6712f1f460141
Cache Hit!
endProcessing "extratan\items\Items\SuperColdDrinkTempered.java"

startProcessing "extratan\items\Items\SuperHotDrink.java" md5: 1f93e4284d77c9b241d470ca61324d85
Cache Hit!
endProcessing "extratan\items\Items\SuperHotDrink.java"

startProcessing "extratan\items\Items\SuperHotDrinkTempered.java" md5: 364518aa57d1774d605a27c08c0709a8
Cache Hit!
endProcessing "extratan\items\Items\SuperHotDrinkTempered.java"

startProcessing "extratan\items\Items\WaterFilledFlask.java" md5: 8acf206135dd6bc5f93839e667744b84
Cache Hit!
endProcessing "extratan\items\Items\WaterFilledFlask.java"

startProcessing "extratan\items\Items\WaterFilledTemperedFlask.java" md5: bee21ea2b066c71e364cbaf26c4f9ff0
Cache Hit!
endProcessing "extratan\items\Items\WaterFilledTemperedFlask.java"

startProcessing "extratan\models\ModelRegistryHandler.java" md5: 06fd267b362c845e162aed82fc289e12
Cache Hit!
endProcessing "extratan\models\ModelRegistryHandler.java"

startProcessing "extratan\proxy\ClientProxy.java" md5: 4648abc5731973553625c7e89146ca5e
Cache Hit!
endProcessing "extratan\proxy\ClientProxy.java"

startProcessing "extratan\proxy\CommonProxy.java" md5: 7078b7dfa19bea6aef7b831b31917827
Cache Hit!
endProcessing "extratan\proxy\CommonProxy.java"

startProcessing "extratan\registry\RegisterHandler.java" md5: 6866b50a079ccf330bca50d4d4dad95a
Cache Hit!
endProcessing "extratan\registry\RegisterHandler.java"

