[22:30:31] [main/INFO] [GradleStart]: Extra: []
[22:30:31] [main/INFO] [GradleStart]: Found and added coremod: toughasnails.asm.TANLoadingPlugin
[22:30:31] [main/INFO] [GradleStart]: Running with arguments: [--userProperties, {}, --assetsDir, C:/Users/Matthew/.gradle/caches/minecraft/assets, --assetIndex, 1.10, --accessToken{REDACTED}, --version, 1.10.2, --tweakClass, net.minecraftforge.fml.common.launcher.FMLTweaker, --tweakClass, net.minecraftforge.gradle.tweakers.CoremodTweaker]
[22:30:31] [main/INFO] [LaunchWrapper]: Loading tweak class name net.minecraftforge.fml.common.launcher.FMLTweaker
[22:30:31] [main/INFO] [LaunchWrapper]: Using primary tweak class name net.minecraftforge.fml.common.launcher.FMLTweaker
[22:30:31] [main/INFO] [LaunchWrapper]: Loading tweak class name net.minecraftforge.gradle.tweakers.CoremodTweaker
[22:30:31] [main/INFO] [LaunchWrapper]: Calling tweak class net.minecraftforge.fml.common.launcher.FMLTweaker
[22:31:32] [main/INFO] [GradleStart]: Extra: []
[22:31:32] [main/INFO] [GradleStart]: Found and added coremod: toughasnails.asm.TANLoadingPlugin
[22:31:32] [main/INFO] [GradleStart]: Running with arguments: [--userProperties, {}, --assetsDir, C:/Users/Matthew/.gradle/caches/minecraft/assets, --assetIndex, 1.10, --accessToken{REDACTED}, --version, 1.10.2, --tweakClass, net.minecraftforge.fml.common.launcher.FMLTweaker, --tweakClass, net.minecraftforge.gradle.tweakers.CoremodTweaker]
[22:31:32] [main/INFO] [LaunchWrapper]: Loading tweak class name net.minecraftforge.fml.common.launcher.FMLTweaker
[22:31:32] [main/INFO] [LaunchWrapper]: Using primary tweak class name net.minecraftforge.fml.common.launcher.FMLTweaker
[22:31:32] [main/INFO] [LaunchWrapper]: Loading tweak class name net.minecraftforge.gradle.tweakers.CoremodTweaker
[22:31:32] [main/INFO] [LaunchWrapper]: Calling tweak class net.minecraftforge.fml.common.launcher.FMLTweaker
[23:16:01] [main/INFO] [GradleStart]: Extra: []
[23:16:01] [main/INFO] [GradleStart]: Found and added coremod: toughasnails.asm.TANLoadingPlugin
[23:16:01] [main/INFO] [GradleStart]: Running with arguments: [--userProperties, {}, --assetsDir, C:/Users/Matthew/.gradle/caches/minecraft/assets, --assetIndex, 1.10, --accessToken{REDACTED}, --version, 1.10.2, --tweakClass, net.minecraftforge.fml.common.launcher.FMLTweaker, --tweakClass, net.minecraftforge.gradle.tweakers.CoremodTweaker]
[23:16:01] [main/INFO] [LaunchWrapper]: Loading tweak class name net.minecraftforge.fml.common.launcher.FMLTweaker
[23:16:01] [main/INFO] [LaunchWrapper]: Using primary tweak class name net.minecraftforge.fml.common.launcher.FMLTweaker
[23:16:01] [main/INFO] [LaunchWrapper]: Loading tweak class name net.minecraftforge.gradle.tweakers.CoremodTweaker
[23:16:01] [main/INFO] [LaunchWrapper]: Calling tweak class net.minecraftforge.fml.common.launcher.FMLTweaker
