[23:16:04] [Client thread/INFO]: Setting user: Player365
[23:16:10] [Client thread/WARN]: Skipping bad option: lastServer:
[23:16:10] [Client thread/INFO]: LWJGL Version: 2.9.4
[23:16:15] [Client thread/INFO]: Reloading ResourceManager: Default, FMLFileResourcePack:Forge Mod Loader, FMLFileResourcePack:Minecraft Forge, FMLFileResourcePack:Tough As Nails, FMLFileResourcePack:extratan
[23:16:21] [Sound Library Loader/INFO]: Starting up SoundSystem...
[23:16:22] [Thread-8/INFO]: Initializing LWJGL OpenAL
[23:16:22] [Thread-8/INFO]: (The LWJGL binding of OpenAL.  For more information, see http://www.lwjgl.org)
[23:16:22] [Thread-8/INFO]: OpenAL initialized.
[23:16:22] [Sound Library Loader/INFO]: Sound engine started
[23:16:30] [Client thread/INFO]: Created: 16x16 textures-atlas
[23:16:31] [Client thread/INFO]: Reloading ResourceManager: Default, FMLFileResourcePack:Forge Mod Loader, FMLFileResourcePack:Minecraft Forge, FMLFileResourcePack:Tough As Nails, FMLFileResourcePack:extratan
[23:16:36] [Client thread/INFO]: SoundSystem shutting down...
[23:16:37] [Client thread/WARN]: Author: Paul Lamb, www.paulscode.com
[23:16:37] [Sound Library Loader/INFO]: Starting up SoundSystem...
[23:16:37] [Thread-10/INFO]: Initializing LWJGL OpenAL
[23:16:37] [Thread-10/INFO]: (The LWJGL binding of OpenAL.  For more information, see http://www.lwjgl.org)
[23:16:37] [Thread-10/INFO]: OpenAL initialized.
[23:16:37] [Sound Library Loader/INFO]: Sound engine started
[23:16:43] [Client thread/INFO]: Created: 512x512 textures-atlas
[23:16:44] [Client thread/WARN]: Skipping bad option: lastServer:
[23:16:46] [Realms Notification Availability checker #1/INFO]: Could not authorize you against Realms server: Invalid session id
[23:16:50] [Server thread/INFO]: Starting integrated minecraft server version 1.10.2
[23:16:50] [Server thread/INFO]: Generating keypair
[23:16:50] [Server thread/INFO]: Preparing start region for level 0
[23:16:51] [Server thread/INFO]: Preparing spawn area: 36%
[23:16:52] [Server thread/INFO]: Changing view distance to 12, from 10
[23:16:53] [Server thread/INFO]: Player365[local:E:6fb4e109] logged in with entity id 303 at (-149.5119924861111, 77.0, 7.951558005562884)
[23:16:53] [Server thread/INFO]: Player365 joined the game
[23:16:55] [Server thread/INFO]: Saving and pausing game...
[23:16:55] [Server thread/INFO]: Saving chunks for level 'New World'/Overworld
[23:16:56] [Server thread/INFO]: Saving chunks for level 'New World'/Nether
[23:16:56] [Server thread/INFO]: Saving chunks for level 'New World'/The End
[23:16:56] [pool-2-thread-1/WARN]: Couldn't look up profile properties for com.mojang.authlib.GameProfile@172d995c[id=62902853-7a10-3bb0-a496-11410998cbd4,name=Player365,properties={},legacy=false]
com.mojang.authlib.exceptions.AuthenticationException: The client has sent too many requests within a certain amount of time
	at com.mojang.authlib.yggdrasil.YggdrasilAuthenticationService.makeRequest(YggdrasilAuthenticationService.java:65) ~[YggdrasilAuthenticationService.class:?]
	at com.mojang.authlib.yggdrasil.YggdrasilMinecraftSessionService.fillGameProfile(YggdrasilMinecraftSessionService.java:175) [YggdrasilMinecraftSessionService.class:?]
	at com.mojang.authlib.yggdrasil.YggdrasilMinecraftSessionService$1.load(YggdrasilMinecraftSessionService.java:59) [YggdrasilMinecraftSessionService$1.class:?]
	at com.mojang.authlib.yggdrasil.YggdrasilMinecraftSessionService$1.load(YggdrasilMinecraftSessionService.java:56) [YggdrasilMinecraftSessionService$1.class:?]
	at com.google.common.cache.LocalCache$LoadingValueReference.loadFuture(LocalCache.java:3524) [guava-17.0.jar:?]
	at com.google.common.cache.LocalCache$Segment.loadSync(LocalCache.java:2317) [guava-17.0.jar:?]
	at com.google.common.cache.LocalCache$Segment.lockedGetOrLoad(LocalCache.java:2280) [guava-17.0.jar:?]
	at com.google.common.cache.LocalCache$Segment.get(LocalCache.java:2195) [guava-17.0.jar:?]
	at com.google.common.cache.LocalCache.get(LocalCache.java:3934) [guava-17.0.jar:?]
	at com.google.common.cache.LocalCache.getOrLoad(LocalCache.java:3938) [guava-17.0.jar:?]
	at com.google.common.cache.LocalCache$LocalLoadingCache.get(LocalCache.java:4821) [guava-17.0.jar:?]
	at com.google.common.cache.LocalCache$LocalLoadingCache.getUnchecked(LocalCache.java:4827) [guava-17.0.jar:?]
	at com.mojang.authlib.yggdrasil.YggdrasilMinecraftSessionService.fillProfileProperties(YggdrasilMinecraftSessionService.java:165) [YggdrasilMinecraftSessionService.class:?]
	at net.minecraft.client.Minecraft.getProfileProperties(Minecraft.java:3060) [Minecraft.class:?]
	at net.minecraft.client.resources.SkinManager$3.run(SkinManager.java:131) [SkinManager$3.class:?]
	at java.util.concurrent.Executors$RunnableAdapter.call(Executors.java:511) [?:1.8.0_181]
	at java.util.concurrent.FutureTask.run(FutureTask.java:266) [?:1.8.0_181]
	at java.util.concurrent.ThreadPoolExecutor.runWorker(ThreadPoolExecutor.java:1149) [?:1.8.0_181]
	at java.util.concurrent.ThreadPoolExecutor$Worker.run(ThreadPoolExecutor.java:624) [?:1.8.0_181]
	at java.lang.Thread.run(Thread.java:748) [?:1.8.0_181]
[23:17:07] [Client thread/INFO]: [CHAT] You do not have permission to use this command
[23:17:08] [Server thread/INFO]: Saving and pausing game...
[23:17:08] [Server thread/INFO]: Saving chunks for level 'New World'/Overworld
[23:17:09] [Server thread/INFO]: Saving chunks for level 'New World'/Nether
[23:17:09] [Server thread/INFO]: Saving chunks for level 'New World'/The End
[23:17:10] [Client thread/INFO]: Using default channel type
[23:17:10] [Client thread/INFO]: Started on 60990
[23:17:10] [Client thread/INFO]: [CHAT] Local game hosted on port 60990
[23:17:11] [Server thread/INFO]: [Player365: Given [Coal] * 2 to Player365]
[23:17:11] [Client thread/INFO]: [CHAT] Given [Coal] * 2 to Player365
[23:17:18] [Server thread/INFO]: [Player365: Given [Crafting Table] * 1 to Player365]
[23:17:18] [Client thread/INFO]: [CHAT] Given [Crafting Table] * 1 to Player365
[23:17:31] [Client thread/INFO]: Stopping!
[23:17:31] [Client thread/INFO]: SoundSystem shutting down...
[23:17:31] [Server thread/INFO]: Stopping server
[23:17:31] [Server thread/INFO]: Saving players
[23:17:31] [Server thread/INFO]: Saving worlds
[23:17:31] [Server thread/INFO]: Saving chunks for level 'New World'/Overworld
[23:17:31] [Server thread/INFO]: Saving chunks for level 'New World'/Nether
[23:17:31] [Server thread/INFO]: Saving chunks for level 'New World'/The End
[23:17:31] [Client thread/WARN]: Author: Paul Lamb, www.paulscode.com
